2019-02-21 10:24:35.055  WARN 7716 --- [main] aWebConfiguration$JpaWebMvcConfiguration : spring.jpa.open-in-view is enabled by default. Therefore, database queries may be performed during view rendering. Explicitly configure spring.jpa.open-in-view to disable this warning
2019-02-21 13:50:01.013  INFO 13136 --- [main] com.example.readinglist.DemoApplication  : Starting DemoApplication on THH8Y9L761U9Z4N with PID 13136 (C:\Users\Administrator\Desktop\readinglist\target\classes started by Administrator in C:\Users\Administrator\Desktop\readinglist)
2019-02-21 13:50:01.019  INFO 13136 --- [main] com.example.readinglist.DemoApplication  : The following profiles are active: test
2019-02-21 13:50:04.178  INFO 13136 --- [main] .s.d.r.c.RepositoryConfigurationDelegate : Bootstrapping Spring Data repositories in DEFAULT mode.
2019-02-21 13:50:04.259  INFO 13136 --- [main] .s.d.r.c.RepositoryConfigurationDelegate : Finished Spring Data repository scanning in 74ms. Found 2 repository interfaces.
2019-02-21 13:50:04.576  INFO 13136 --- [main] trationDelegate$BeanPostProcessorChecker : Bean 'org.springframework.transaction.annotation.ProxyTransactionManagementConfiguration' of type [org.springframework.transaction.annotation.ProxyTransactionManagementConfiguration$$EnhancerBySpringCGLIB$$aea4ed38] is not eligible for getting processed by all BeanPostProcessors (for example: not eligible for auto-proxying)
2019-02-21 13:50:05.051  INFO 13136 --- [main] o.s.b.w.embedded.tomcat.TomcatWebServer  : Tomcat initialized with port(s): 8080 (http)
2019-02-21 13:50:05.089  INFO 13136 --- [main] o.apache.catalina.core.StandardService   : Starting service [Tomcat]
2019-02-21 13:50:05.090  INFO 13136 --- [main] org.apache.catalina.core.StandardEngine  : Starting Servlet engine: [Apache Tomcat/9.0.16]
2019-02-21 13:50:05.109  INFO 13136 --- [main] o.a.catalina.core.AprLifecycleListener   : The APR based Apache Tomcat Native library which allows optimal performance in production environments was not found on the java.library.path: [C:\Program Files\Java\jdk-11.0.1\bin;C:\Windows\Sun\Java\bin;C:\Windows\system32;C:\Windows;C:\Windows\system32;C:\Windows;C:\Windows\System32\Wbem;C:\Windows\System32\WindowsPowerShell\v1.0\;D:\misaki\apache-maven-3.6.0\bin;E:\spring-1.3.0.BUILD-SNAPSHOT\bin;%JAVA_HOME%\bin;%JAVA_HOME%\jre\bin;C:\Program Files (x86)\Common Files\Oracle\Java\javapath;C:\Users\Administrator\AppData\Local\Microsoft\WindowsApps;D:\Microsoft VS Code\bin;C:\Users\Administrator\AppData\Local\atom\bin;.]
2019-02-21 13:50:05.289  INFO 13136 --- [main] o.a.c.c.C.[Tomcat].[localhost].[/]       : Initializing Spring embedded WebApplicationContext
2019-02-21 13:50:05.289  INFO 13136 --- [main] o.s.web.context.ContextLoader            : Root WebApplicationContext: initialization completed in 4138 ms
2019-02-21 13:50:05.628  INFO 13136 --- [main] com.zaxxer.hikari.HikariDataSource       : HikariPool-1 - Starting...
2019-02-21 13:50:05.954  INFO 13136 --- [main] com.zaxxer.hikari.HikariDataSource       : HikariPool-1 - Start completed.
2019-02-21 13:50:06.084  INFO 13136 --- [main] o.hibernate.jpa.internal.util.LogHelper  : HHH000204: Processing PersistenceUnitInfo [
	name: default
	...]
2019-02-21 13:50:06.359  INFO 13136 --- [main] org.hibernate.Version                    : HHH000412: Hibernate Core {5.3.7.Final}
2019-02-21 13:50:06.365  INFO 13136 --- [main] org.hibernate.cfg.Environment            : HHH000206: hibernate.properties not found
2019-02-21 13:50:06.614  INFO 13136 --- [main] o.hibernate.annotations.common.Version   : HCANN000001: Hibernate Commons Annotations {5.0.4.Final}
2019-02-21 13:50:06.879  INFO 13136 --- [main] org.hibernate.dialect.Dialect            : HHH000400: Using dialect: org.hibernate.dialect.H2Dialect
2019-02-21 13:50:08.150  INFO 13136 --- [main] o.h.t.schema.internal.SchemaCreatorImpl  : HHH000476: Executing import script 'org.hibernate.tool.schema.internal.exec.ScriptSourceInputNonExistentImpl@f2becb2'
2019-02-21 13:50:08.157  INFO 13136 --- [main] j.LocalContainerEntityManagerFactoryBean : Initialized JPA EntityManagerFactory for persistence unit 'default'
2019-02-21 13:50:09.051  INFO 13136 --- [main] o.s.s.web.DefaultSecurityFilterChain     : Creating filter chain: any request, [org.springframework.security.web.context.request.async.WebAsyncManagerIntegrationFilter@35f22eef, org.springframework.security.web.context.SecurityContextPersistenceFilter@26b3fe8, org.springframework.security.web.header.HeaderWriterFilter@f4d391c, org.springframework.security.web.csrf.CsrfFilter@76134251, org.springframework.security.web.authentication.logout.LogoutFilter@29dfc68f, org.springframework.security.web.authentication.UsernamePasswordAuthenticationFilter@62615be, org.springframework.security.web.savedrequest.RequestCacheAwareFilter@20518250, org.springframework.security.web.servletapi.SecurityContextHolderAwareRequestFilter@3605ab16, org.springframework.security.web.authentication.AnonymousAuthenticationFilter@5d20195b, org.springframework.security.web.session.SessionManagementFilter@2fa2143d, org.springframework.security.web.access.ExceptionTranslationFilter@14bf9fd0, org.springframework.security.web.access.intercept.FilterSecurityInterceptor@7455204c]
2019-02-21 13:50:09.184  INFO 13136 --- [main] o.s.s.concurrent.ThreadPoolTaskExecutor  : Initializing ExecutorService 'applicationTaskExecutor'
2019-02-21 13:50:09.218  WARN 13136 --- [main] aWebConfiguration$JpaWebMvcConfiguration : spring.jpa.open-in-view is enabled by default. Therefore, database queries may be performed during view rendering. Explicitly configure spring.jpa.open-in-view to disable this warning
2019-02-21 13:50:09.443  INFO 13136 --- [main] o.s.b.w.embedded.tomcat.TomcatWebServer  : Tomcat started on port(s): 8080 (http) with context path ''
2019-02-21 13:50:09.447  INFO 13136 --- [main] com.example.readinglist.DemoApplication  : Started DemoApplication in 10.275 seconds (JVM running for 16.576)
2019-02-21 14:01:54.911  INFO 4476 --- [main] com.example.readinglist.DemoApplication  : Starting DemoApplication on THH8Y9L761U9Z4N with PID 4476 (C:\Users\Administrator\Desktop\readinglist\target\classes started by Administrator in C:\Users\Administrator\Desktop\readinglist)
2019-02-21 14:01:54.914  INFO 4476 --- [main] com.example.readinglist.DemoApplication  : The following profiles are active: product
2019-02-21 14:01:55.539  INFO 4476 --- [main] .s.d.r.c.RepositoryConfigurationDelegate : Bootstrapping Spring Data repositories in DEFAULT mode.
2019-02-21 14:01:55.585  INFO 4476 --- [main] .s.d.r.c.RepositoryConfigurationDelegate : Finished Spring Data repository scanning in 42ms. Found 2 repository interfaces.
2019-02-21 14:01:55.851  INFO 4476 --- [main] trationDelegate$BeanPostProcessorChecker : Bean 'org.springframework.transaction.annotation.ProxyTransactionManagementConfiguration' of type [org.springframework.transaction.annotation.ProxyTransactionManagementConfiguration$$EnhancerBySpringCGLIB$$ec4a1f33] is not eligible for getting processed by all BeanPostProcessors (for example: not eligible for auto-proxying)
2019-02-21 14:01:56.109  INFO 4476 --- [main] o.s.b.w.embedded.tomcat.TomcatWebServer  : Tomcat initialized with port(s): 8080 (http)
2019-02-21 14:01:56.129  INFO 4476 --- [main] o.apache.catalina.core.StandardService   : Starting service [Tomcat]
2019-02-21 14:01:56.129  INFO 4476 --- [main] org.apache.catalina.core.StandardEngine  : Starting Servlet engine: [Apache Tomcat/9.0.16]
2019-02-21 14:01:56.135  INFO 4476 --- [main] o.a.catalina.core.AprLifecycleListener   : The APR based Apache Tomcat Native library which allows optimal performance in production environments was not found on the java.library.path: [C:\Program Files\Java\jdk-11.0.1\bin;C:\Windows\Sun\Java\bin;C:\Windows\system32;C:\Windows;C:\Windows\system32;C:\Windows;C:\Windows\System32\Wbem;C:\Windows\System32\WindowsPowerShell\v1.0\;D:\misaki\apache-maven-3.6.0\bin;E:\spring-1.3.0.BUILD-SNAPSHOT\bin;%JAVA_HOME%\bin;%JAVA_HOME%\jre\bin;C:\Program Files (x86)\Common Files\Oracle\Java\javapath;C:\Users\Administrator\AppData\Local\Microsoft\WindowsApps;D:\Microsoft VS Code\bin;C:\Users\Administrator\AppData\Local\atom\bin;.]
2019-02-21 14:01:56.239  INFO 4476 --- [main] o.a.c.c.C.[Tomcat].[localhost].[/]       : Initializing Spring embedded WebApplicationContext
2019-02-21 14:01:56.239  INFO 4476 --- [main] o.s.web.context.ContextLoader            : Root WebApplicationContext: initialization completed in 1297 ms
2019-02-21 14:01:56.352  INFO 4476 --- [main] com.zaxxer.hikari.HikariDataSource       : HikariPool-1 - Starting...
2019-02-21 14:01:56.420  INFO 4476 --- [main] com.zaxxer.hikari.HikariDataSource       : HikariPool-1 - Start completed.
2019-02-21 14:01:56.461  INFO 4476 --- [main] o.hibernate.jpa.internal.util.LogHelper  : HHH000204: Processing PersistenceUnitInfo [
	name: default
	...]
2019-02-21 14:01:56.502  INFO 4476 --- [main] org.hibernate.Version                    : HHH000412: Hibernate Core {5.3.7.Final}
2019-02-21 14:01:56.503  INFO 4476 --- [main] org.hibernate.cfg.Environment            : HHH000206: hibernate.properties not found
2019-02-21 14:01:56.602  INFO 4476 --- [main] o.hibernate.annotations.common.Version   : HCANN000001: Hibernate Commons Annotations {5.0.4.Final}
2019-02-21 14:01:56.692  INFO 4476 --- [main] org.hibernate.dialect.Dialect            : HHH000400: Using dialect: org.hibernate.dialect.H2Dialect
2019-02-21 14:01:57.091  INFO 4476 --- [main] o.h.t.schema.internal.SchemaCreatorImpl  : HHH000476: Executing import script 'org.hibernate.tool.schema.internal.exec.ScriptSourceInputNonExistentImpl@3e28af44'
2019-02-21 14:01:57.093  INFO 4476 --- [main] j.LocalContainerEntityManagerFactoryBean : Initialized JPA EntityManagerFactory for persistence unit 'default'
2019-02-21 14:01:57.446  INFO 4476 --- [main] o.s.s.concurrent.ThreadPoolTaskExecutor  : Initializing ExecutorService 'applicationTaskExecutor'
2019-02-21 14:01:57.474  WARN 4476 --- [main] aWebConfiguration$JpaWebMvcConfiguration : spring.jpa.open-in-view is enabled by default. Therefore, database queries may be performed during view rendering. Explicitly configure spring.jpa.open-in-view to disable this warning
2019-02-21 14:01:57.644  INFO 4476 --- [main] .s.s.UserDetailsServiceAutoConfiguration : 

Using generated security password: 9dc886ca-3144-4ba8-9699-29b72eccc44b

2019-02-21 14:01:57.721  INFO 4476 --- [main] o.s.s.web.DefaultSecurityFilterChain     : Creating filter chain: any request, [org.springframework.security.web.context.request.async.WebAsyncManagerIntegrationFilter@1e288c76, org.springframework.security.web.context.SecurityContextPersistenceFilter@7bd1098, org.springframework.security.web.header.HeaderWriterFilter@446dacf9, org.springframework.security.web.csrf.CsrfFilter@71d2261e, org.springframework.security.web.authentication.logout.LogoutFilter@a302f30, org.springframework.security.web.authentication.UsernamePasswordAuthenticationFilter@53551fef, org.springframework.security.web.authentication.ui.DefaultLoginPageGeneratingFilter@314c28dc, org.springframework.security.web.authentication.ui.DefaultLogoutPageGeneratingFilter@738ed8f5, org.springframework.security.web.authentication.www.BasicAuthenticationFilter@2ef1fc8a, org.springframework.security.web.savedrequest.RequestCacheAwareFilter@6a562255, org.springframework.security.web.servletapi.SecurityContextHolderAwareRequestFilter@6958d5d0, org.springframework.security.web.authentication.AnonymousAuthenticationFilter@1cfb7450, org.springframework.security.web.session.SessionManagementFilter@abf1816, org.springframework.security.web.access.ExceptionTranslationFilter@35b58254, org.springframework.security.web.access.intercept.FilterSecurityInterceptor@6a0ee80]
2019-02-21 14:01:57.783  INFO 4476 --- [main] o.s.b.w.embedded.tomcat.TomcatWebServer  : Tomcat started on port(s): 8080 (http) with context path ''
2019-02-21 14:01:57.786  INFO 4476 --- [main] com.example.readinglist.DemoApplication  : Started DemoApplication in 3.208 seconds (JVM running for 3.813)
2019-02-21 14:04:52.051 ERROR 9888 --- [main] o.s.b.c.l.LoggingApplicationListener     : Cannot set level 'WRAN' for 'null'
2019-02-21 14:04:52.114  INFO 9888 --- [main] com.example.readinglist.DemoApplication  : Starting DemoApplication on THH8Y9L761U9Z4N with PID 9888 (C:\Users\Administrator\Desktop\readinglist\target\classes started by Administrator in C:\Users\Administrator\Desktop\readinglist)
2019-02-21 14:04:52.114  INFO 9888 --- [main] com.example.readinglist.DemoApplication  : The following profiles are active: production
2019-02-21 14:04:52.744  INFO 9888 --- [main] .s.d.r.c.RepositoryConfigurationDelegate : Bootstrapping Spring Data repositories in DEFAULT mode.
2019-02-21 14:04:52.790  INFO 9888 --- [main] .s.d.r.c.RepositoryConfigurationDelegate : Finished Spring Data repository scanning in 41ms. Found 2 repository interfaces.
2019-02-21 14:04:53.049  INFO 9888 --- [main] trationDelegate$BeanPostProcessorChecker : Bean 'org.springframework.transaction.annotation.ProxyTransactionManagementConfiguration' of type [org.springframework.transaction.annotation.ProxyTransactionManagementConfiguration$$EnhancerBySpringCGLIB$$5cebfe2c] is not eligible for getting processed by all BeanPostProcessors (for example: not eligible for auto-proxying)
2019-02-21 14:04:53.304  INFO 9888 --- [main] o.s.b.w.embedded.tomcat.TomcatWebServer  : Tomcat initialized with port(s): 8080 (http)
2019-02-21 14:04:53.324  INFO 9888 --- [main] o.apache.catalina.core.StandardService   : Starting service [Tomcat]
2019-02-21 14:04:53.325  INFO 9888 --- [main] org.apache.catalina.core.StandardEngine  : Starting Servlet engine: [Apache Tomcat/9.0.16]
2019-02-21 14:04:53.331  INFO 9888 --- [main] o.a.catalina.core.AprLifecycleListener   : The APR based Apache Tomcat Native library which allows optimal performance in production environments was not found on the java.library.path: [C:\Program Files\Java\jdk-11.0.1\bin;C:\Windows\Sun\Java\bin;C:\Windows\system32;C:\Windows;C:\Windows\system32;C:\Windows;C:\Windows\System32\Wbem;C:\Windows\System32\WindowsPowerShell\v1.0\;D:\misaki\apache-maven-3.6.0\bin;E:\spring-1.3.0.BUILD-SNAPSHOT\bin;%JAVA_HOME%\bin;%JAVA_HOME%\jre\bin;C:\Program Files (x86)\Common Files\Oracle\Java\javapath;C:\Users\Administrator\AppData\Local\Microsoft\WindowsApps;D:\Microsoft VS Code\bin;C:\Users\Administrator\AppData\Local\atom\bin;.]
2019-02-21 14:04:53.437  INFO 9888 --- [main] o.a.c.c.C.[Tomcat].[localhost].[/]       : Initializing Spring embedded WebApplicationContext
2019-02-21 14:04:53.438  INFO 9888 --- [main] o.s.web.context.ContextLoader            : Root WebApplicationContext: initialization completed in 1292 ms
2019-02-21 14:04:53.554  INFO 9888 --- [main] com.zaxxer.hikari.HikariDataSource       : HikariPool-1 - Starting...
2019-02-21 14:04:53.629  INFO 9888 --- [main] com.zaxxer.hikari.HikariDataSource       : HikariPool-1 - Start completed.
2019-02-21 14:04:53.672  INFO 9888 --- [main] o.hibernate.jpa.internal.util.LogHelper  : HHH000204: Processing PersistenceUnitInfo [
	name: default
	...]
2019-02-21 14:04:53.712  INFO 9888 --- [main] org.hibernate.Version                    : HHH000412: Hibernate Core {5.3.7.Final}
2019-02-21 14:04:53.714  INFO 9888 --- [main] org.hibernate.cfg.Environment            : HHH000206: hibernate.properties not found
2019-02-21 14:04:53.806  INFO 9888 --- [main] o.hibernate.annotations.common.Version   : HCANN000001: Hibernate Commons Annotations {5.0.4.Final}
2019-02-21 14:04:53.889  INFO 9888 --- [main] org.hibernate.dialect.Dialect            : HHH000400: Using dialect: org.hibernate.dialect.H2Dialect
2019-02-21 14:04:54.303  INFO 9888 --- [main] o.h.t.schema.internal.SchemaCreatorImpl  : HHH000476: Executing import script 'org.hibernate.tool.schema.internal.exec.ScriptSourceInputNonExistentImpl@5c1dd18'
2019-02-21 14:04:54.305  INFO 9888 --- [main] j.LocalContainerEntityManagerFactoryBean : Initialized JPA EntityManagerFactory for persistence unit 'default'
2019-02-21 14:04:54.663  INFO 9888 --- [main] o.s.s.concurrent.ThreadPoolTaskExecutor  : Initializing ExecutorService 'applicationTaskExecutor'
2019-02-21 14:04:54.690  WARN 9888 --- [main] aWebConfiguration$JpaWebMvcConfiguration : spring.jpa.open-in-view is enabled by default. Therefore, database queries may be performed during view rendering. Explicitly configure spring.jpa.open-in-view to disable this warning
2019-02-21 14:04:54.861  INFO 9888 --- [main] .s.s.UserDetailsServiceAutoConfiguration : 

Using generated security password: 4254d00b-d9cf-43ca-b216-b644b8f00be9

2019-02-21 14:04:54.939  INFO 9888 --- [main] o.s.s.web.DefaultSecurityFilterChain     : Creating filter chain: any request, [org.springframework.security.web.context.request.async.WebAsyncManagerIntegrationFilter@544e6b, org.springframework.security.web.context.SecurityContextPersistenceFilter@53564a4c, org.springframework.security.web.header.HeaderWriterFilter@51566ce0, org.springframework.security.web.csrf.CsrfFilter@6db04a6, org.springframework.security.web.authentication.logout.LogoutFilter@280c3dc0, org.springframework.security.web.authentication.UsernamePasswordAuthenticationFilter@629de8, org.springframework.security.web.authentication.ui.DefaultLoginPageGeneratingFilter@dcdb883, org.springframework.security.web.authentication.ui.DefaultLogoutPageGeneratingFilter@5b430541, org.springframework.security.web.authentication.www.BasicAuthenticationFilter@7db2b614, org.springframework.security.web.savedrequest.RequestCacheAwareFilter@69a294d8, org.springframework.security.web.servletapi.SecurityContextHolderAwareRequestFilter@5e198c40, org.springframework.security.web.authentication.AnonymousAuthenticationFilter@65a66a75, org.springframework.security.web.session.SessionManagementFilter@17e6d07b, org.springframework.security.web.access.ExceptionTranslationFilter@1f013047, org.springframework.security.web.access.intercept.FilterSecurityInterceptor@5020e5ab]
2019-02-21 14:04:55.000  INFO 9888 --- [main] o.s.b.w.embedded.tomcat.TomcatWebServer  : Tomcat started on port(s): 8080 (http) with context path ''
2019-02-21 14:04:55.002  INFO 9888 --- [main] com.example.readinglist.DemoApplication  : Started DemoApplication in 3.256 seconds (JVM running for 3.914)
2019-02-21 14:05:28.321 ERROR 5680 --- [main] o.s.b.c.l.LoggingApplicationListener     : Cannot set level 'WRAN' for 'null'
2019-02-21 14:05:28.403  INFO 5680 --- [main] com.example.readinglist.DemoApplication  : Starting DemoApplication on THH8Y9L761U9Z4N with PID 5680 (C:\Users\Administrator\Desktop\readinglist\target\classes started by Administrator in C:\Users\Administrator\Desktop\readinglist)
2019-02-21 14:05:28.403  INFO 5680 --- [main] com.example.readinglist.DemoApplication  : The following profiles are active: test
2019-02-21 14:05:29.018  INFO 5680 --- [main] .s.d.r.c.RepositoryConfigurationDelegate : Bootstrapping Spring Data repositories in DEFAULT mode.
2019-02-21 14:05:29.063  INFO 5680 --- [main] .s.d.r.c.RepositoryConfigurationDelegate : Finished Spring Data repository scanning in 41ms. Found 2 repository interfaces.
2019-02-21 14:05:29.309  INFO 5680 --- [main] trationDelegate$BeanPostProcessorChecker : Bean 'org.springframework.transaction.annotation.ProxyTransactionManagementConfiguration' of type [org.springframework.transaction.annotation.ProxyTransactionManagementConfiguration$$EnhancerBySpringCGLIB$$a2c37e38] is not eligible for getting processed by all BeanPostProcessors (for example: not eligible for auto-proxying)
2019-02-21 14:05:29.569  INFO 5680 --- [main] o.s.b.w.embedded.tomcat.TomcatWebServer  : Tomcat initialized with port(s): 8080 (http)
2019-02-21 14:05:29.589  INFO 5680 --- [main] o.apache.catalina.core.StandardService   : Starting service [Tomcat]
2019-02-21 14:05:29.590  INFO 5680 --- [main] org.apache.catalina.core.StandardEngine  : Starting Servlet engine: [Apache Tomcat/9.0.16]
2019-02-21 14:05:29.595  INFO 5680 --- [main] o.a.catalina.core.AprLifecycleListener   : The APR based Apache Tomcat Native library which allows optimal performance in production environments was not found on the java.library.path: [C:\Program Files\Java\jdk-11.0.1\bin;C:\Windows\Sun\Java\bin;C:\Windows\system32;C:\Windows;C:\Windows\system32;C:\Windows;C:\Windows\System32\Wbem;C:\Windows\System32\WindowsPowerShell\v1.0\;D:\misaki\apache-maven-3.6.0\bin;E:\spring-1.3.0.BUILD-SNAPSHOT\bin;%JAVA_HOME%\bin;%JAVA_HOME%\jre\bin;C:\Program Files (x86)\Common Files\Oracle\Java\javapath;C:\Users\Administrator\AppData\Local\Microsoft\WindowsApps;D:\Microsoft VS Code\bin;C:\Users\Administrator\AppData\Local\atom\bin;.]
2019-02-21 14:05:29.709  INFO 5680 --- [main] o.a.c.c.C.[Tomcat].[localhost].[/]       : Initializing Spring embedded WebApplicationContext
2019-02-21 14:05:29.709  INFO 5680 --- [main] o.s.web.context.ContextLoader            : Root WebApplicationContext: initialization completed in 1270 ms
2019-02-21 14:05:29.822  INFO 5680 --- [main] com.zaxxer.hikari.HikariDataSource       : HikariPool-1 - Starting...
2019-02-21 14:05:29.885  INFO 5680 --- [main] com.zaxxer.hikari.HikariDataSource       : HikariPool-1 - Start completed.
2019-02-21 14:05:29.924  INFO 5680 --- [main] o.hibernate.jpa.internal.util.LogHelper  : HHH000204: Processing PersistenceUnitInfo [
	name: default
	...]
2019-02-21 14:05:29.963  INFO 5680 --- [main] org.hibernate.Version                    : HHH000412: Hibernate Core {5.3.7.Final}
2019-02-21 14:05:29.964  INFO 5680 --- [main] org.hibernate.cfg.Environment            : HHH000206: hibernate.properties not found
2019-02-21 14:05:30.048  INFO 5680 --- [main] o.hibernate.annotations.common.Version   : HCANN000001: Hibernate Commons Annotations {5.0.4.Final}
2019-02-21 14:05:30.147  INFO 5680 --- [main] org.hibernate.dialect.Dialect            : HHH000400: Using dialect: org.hibernate.dialect.H2Dialect
2019-02-21 14:05:30.554  INFO 5680 --- [main] o.h.t.schema.internal.SchemaCreatorImpl  : HHH000476: Executing import script 'org.hibernate.tool.schema.internal.exec.ScriptSourceInputNonExistentImpl@1fa18f87'
2019-02-21 14:05:30.556  INFO 5680 --- [main] j.LocalContainerEntityManagerFactoryBean : Initialized JPA EntityManagerFactory for persistence unit 'default'
2019-02-21 14:05:30.920  INFO 5680 --- [main] o.s.s.web.DefaultSecurityFilterChain     : Creating filter chain: any request, [org.springframework.security.web.context.request.async.WebAsyncManagerIntegrationFilter@2befb16f, org.springframework.security.web.context.SecurityContextPersistenceFilter@609ad016, org.springframework.security.web.header.HeaderWriterFilter@7b2f8152, org.springframework.security.web.csrf.CsrfFilter@4e4af370, org.springframework.security.web.authentication.logout.LogoutFilter@c683cf5, org.springframework.security.web.authentication.UsernamePasswordAuthenticationFilter@5ae16aa, org.springframework.security.web.savedrequest.RequestCacheAwareFilter@34647f58, org.springframework.security.web.servletapi.SecurityContextHolderAwareRequestFilter@491cc0eb, org.springframework.security.web.authentication.AnonymousAuthenticationFilter@3151277f, org.springframework.security.web.session.SessionManagementFilter@5f9ccd0c, org.springframework.security.web.access.ExceptionTranslationFilter@603b9d4b, org.springframework.security.web.access.intercept.FilterSecurityInterceptor@320ba79f]
2019-02-21 14:05:31.035  INFO 5680 --- [main] o.s.s.concurrent.ThreadPoolTaskExecutor  : Initializing ExecutorService 'applicationTaskExecutor'
2019-02-21 14:05:31.059  WARN 5680 --- [main] aWebConfiguration$JpaWebMvcConfiguration : spring.jpa.open-in-view is enabled by default. Therefore, database queries may be performed during view rendering. Explicitly configure spring.jpa.open-in-view to disable this warning
2019-02-21 14:05:31.216  INFO 5680 --- [main] o.s.b.w.embedded.tomcat.TomcatWebServer  : Tomcat started on port(s): 8080 (http) with context path ''
2019-02-21 14:05:31.219  INFO 5680 --- [main] com.example.readinglist.DemoApplication  : Started DemoApplication in 3.359 seconds (JVM running for 4.052)
2019-02-21 14:07:45.151 ERROR 9456 --- [main] o.s.b.c.l.LoggingApplicationListener     : Cannot set level 'WRAN' for 'null'
2019-02-21 14:07:45.252  INFO 9456 --- [main] com.example.readinglist.DemoApplication  : Starting DemoApplication on THH8Y9L761U9Z4N with PID 9456 (C:\Users\Administrator\Desktop\readinglist\target\classes started by Administrator in C:\Users\Administrator\Desktop\readinglist)
2019-02-21 14:07:45.253  INFO 9456 --- [main] com.example.readinglist.DemoApplication  : The following profiles are active: test
2019-02-21 14:07:45.926  INFO 9456 --- [main] .s.d.r.c.RepositoryConfigurationDelegate : Bootstrapping Spring Data repositories in DEFAULT mode.
2019-02-21 14:07:45.973  INFO 9456 --- [main] .s.d.r.c.RepositoryConfigurationDelegate : Finished Spring Data repository scanning in 43ms. Found 2 repository interfaces.
2019-02-21 14:07:46.239  INFO 9456 --- [main] trationDelegate$BeanPostProcessorChecker : Bean 'org.springframework.transaction.annotation.ProxyTransactionManagementConfiguration' of type [org.springframework.transaction.annotation.ProxyTransactionManagementConfiguration$$EnhancerBySpringCGLIB$$205dad24] is not eligible for getting processed by all BeanPostProcessors (for example: not eligible for auto-proxying)
2019-02-21 14:07:46.514  INFO 9456 --- [main] o.s.b.w.embedded.tomcat.TomcatWebServer  : Tomcat initialized with port(s): 8080 (http)
2019-02-21 14:07:46.537  INFO 9456 --- [main] o.apache.catalina.core.StandardService   : Starting service [Tomcat]
2019-02-21 14:07:46.538  INFO 9456 --- [main] org.apache.catalina.core.StandardEngine  : Starting Servlet engine: [Apache Tomcat/9.0.16]
2019-02-21 14:07:46.544  INFO 9456 --- [main] o.a.catalina.core.AprLifecycleListener   : The APR based Apache Tomcat Native library which allows optimal performance in production environments was not found on the java.library.path: [C:\Program Files\Java\jdk-11.0.1\bin;C:\Windows\Sun\Java\bin;C:\Windows\system32;C:\Windows;C:\Windows\system32;C:\Windows;C:\Windows\System32\Wbem;C:\Windows\System32\WindowsPowerShell\v1.0\;D:\misaki\apache-maven-3.6.0\bin;E:\spring-1.3.0.BUILD-SNAPSHOT\bin;%JAVA_HOME%\bin;%JAVA_HOME%\jre\bin;C:\Program Files (x86)\Common Files\Oracle\Java\javapath;C:\Users\Administrator\AppData\Local\Microsoft\WindowsApps;D:\Microsoft VS Code\bin;C:\Users\Administrator\AppData\Local\atom\bin;.]
2019-02-21 14:07:46.657  INFO 9456 --- [main] o.a.c.c.C.[Tomcat].[localhost].[/]       : Initializing Spring embedded WebApplicationContext
2019-02-21 14:07:46.657  INFO 9456 --- [main] o.s.web.context.ContextLoader            : Root WebApplicationContext: initialization completed in 1367 ms
2019-02-21 14:07:46.781  INFO 9456 --- [main] com.zaxxer.hikari.HikariDataSource       : HikariPool-1 - Starting...
2019-02-21 14:07:46.849  INFO 9456 --- [main] com.zaxxer.hikari.HikariDataSource       : HikariPool-1 - Start completed.
2019-02-21 14:07:46.895  INFO 9456 --- [main] o.hibernate.jpa.internal.util.LogHelper  : HHH000204: Processing PersistenceUnitInfo [
	name: default
	...]
2019-02-21 14:07:46.937  INFO 9456 --- [main] org.hibernate.Version                    : HHH000412: Hibernate Core {5.3.7.Final}
2019-02-21 14:07:46.938  INFO 9456 --- [main] org.hibernate.cfg.Environment            : HHH000206: hibernate.properties not found
2019-02-21 14:07:47.026  INFO 9456 --- [main] o.hibernate.annotations.common.Version   : HCANN000001: Hibernate Commons Annotations {5.0.4.Final}
2019-02-21 14:07:47.119  INFO 9456 --- [main] org.hibernate.dialect.Dialect            : HHH000400: Using dialect: org.hibernate.dialect.H2Dialect
2019-02-21 14:07:47.531  INFO 9456 --- [main] o.h.t.schema.internal.SchemaCreatorImpl  : HHH000476: Executing import script 'org.hibernate.tool.schema.internal.exec.ScriptSourceInputNonExistentImpl@5cbe72b9'
2019-02-21 14:07:47.534  INFO 9456 --- [main] j.LocalContainerEntityManagerFactoryBean : Initialized JPA EntityManagerFactory for persistence unit 'default'
2019-02-21 14:07:47.926  INFO 9456 --- [main] o.s.s.web.DefaultSecurityFilterChain     : Creating filter chain: any request, [org.springframework.security.web.context.request.async.WebAsyncManagerIntegrationFilter@6e617c0e, org.springframework.security.web.context.SecurityContextPersistenceFilter@126a9a77, org.springframework.security.web.header.HeaderWriterFilter@61c145cb, org.springframework.security.web.csrf.CsrfFilter@6b52a40, org.springframework.security.web.authentication.logout.LogoutFilter@3c20e9d6, org.springframework.security.web.authentication.UsernamePasswordAuthenticationFilter@38f63756, org.springframework.security.web.savedrequest.RequestCacheAwareFilter@29ee8174, org.springframework.security.web.servletapi.SecurityContextHolderAwareRequestFilter@1f6d7e7c, org.springframework.security.web.authentication.AnonymousAuthenticationFilter@9a07409, org.springframework.security.web.session.SessionManagementFilter@511bfbb0, org.springframework.security.web.access.ExceptionTranslationFilter@55f23335, org.springframework.security.web.access.intercept.FilterSecurityInterceptor@6fbcc078]
2019-02-21 14:07:48.037  INFO 9456 --- [main] o.s.s.concurrent.ThreadPoolTaskExecutor  : Initializing ExecutorService 'applicationTaskExecutor'
2019-02-21 14:07:48.063  WARN 9456 --- [main] aWebConfiguration$JpaWebMvcConfiguration : spring.jpa.open-in-view is enabled by default. Therefore, database queries may be performed during view rendering. Explicitly configure spring.jpa.open-in-view to disable this warning
2019-02-21 14:07:48.225  INFO 9456 --- [main] o.s.b.w.embedded.tomcat.TomcatWebServer  : Tomcat started on port(s): 8080 (http) with context path ''
2019-02-21 14:07:48.228  INFO 9456 --- [main] com.example.readinglist.DemoApplication  : Started DemoApplication in 3.34 seconds (JVM running for 4.034)
2019-02-21 14:11:13.605 ERROR 9268 --- [main] o.s.b.c.l.LoggingApplicationListener     : Cannot set level 'WRAN' for 'null'
2019-02-21 14:11:13.683  INFO 9268 --- [main] com.example.readinglist.DemoApplication  : Starting DemoApplication on THH8Y9L761U9Z4N with PID 9268 (C:\Users\Administrator\Desktop\readinglist\target\classes started by Administrator in C:\Users\Administrator\Desktop\readinglist)
2019-02-21 14:11:13.690  INFO 9268 --- [main] com.example.readinglist.DemoApplication  : The following profiles are active: product
2019-02-21 14:11:14.307  INFO 9268 --- [main] .s.d.r.c.RepositoryConfigurationDelegate : Bootstrapping Spring Data repositories in DEFAULT mode.
2019-02-21 14:11:14.352  INFO 9268 --- [main] .s.d.r.c.RepositoryConfigurationDelegate : Finished Spring Data repository scanning in 41ms. Found 2 repository interfaces.
2019-02-21 14:11:14.662  INFO 9268 --- [main] trationDelegate$BeanPostProcessorChecker : Bean 'org.springframework.transaction.annotation.ProxyTransactionManagementConfiguration' of type [org.springframework.transaction.annotation.ProxyTransactionManagementConfiguration$$EnhancerBySpringCGLIB$$26701cff] is not eligible for getting processed by all BeanPostProcessors (for example: not eligible for auto-proxying)
2019-02-21 14:11:14.919  INFO 9268 --- [main] o.s.b.w.embedded.tomcat.TomcatWebServer  : Tomcat initialized with port(s): 8080 (http)
2019-02-21 14:11:14.939  INFO 9268 --- [main] o.apache.catalina.core.StandardService   : Starting service [Tomcat]
2019-02-21 14:11:14.939  INFO 9268 --- [main] org.apache.catalina.core.StandardEngine  : Starting Servlet engine: [Apache Tomcat/9.0.16]
2019-02-21 14:11:14.944  INFO 9268 --- [main] o.a.catalina.core.AprLifecycleListener   : The APR based Apache Tomcat Native library which allows optimal performance in production environments was not found on the java.library.path: [C:\Program Files\Java\jdk-11.0.1\bin;C:\Windows\Sun\Java\bin;C:\Windows\system32;C:\Windows;C:\Windows\system32;C:\Windows;C:\Windows\System32\Wbem;C:\Windows\System32\WindowsPowerShell\v1.0\;D:\misaki\apache-maven-3.6.0\bin;E:\spring-1.3.0.BUILD-SNAPSHOT\bin;%JAVA_HOME%\bin;%JAVA_HOME%\jre\bin;C:\Program Files (x86)\Common Files\Oracle\Java\javapath;C:\Users\Administrator\AppData\Local\Microsoft\WindowsApps;D:\Microsoft VS Code\bin;C:\Users\Administrator\AppData\Local\atom\bin;.]
2019-02-21 14:11:15.046  INFO 9268 --- [main] o.a.c.c.C.[Tomcat].[localhost].[/]       : Initializing Spring embedded WebApplicationContext
2019-02-21 14:11:15.046  INFO 9268 --- [main] o.s.web.context.ContextLoader            : Root WebApplicationContext: initialization completed in 1310 ms
2019-02-21 14:11:15.158  INFO 9268 --- [main] com.zaxxer.hikari.HikariDataSource       : HikariPool-1 - Starting...
2019-02-21 14:11:15.223  INFO 9268 --- [main] com.zaxxer.hikari.HikariDataSource       : HikariPool-1 - Start completed.
2019-02-21 14:11:15.265  INFO 9268 --- [main] o.hibernate.jpa.internal.util.LogHelper  : HHH000204: Processing PersistenceUnitInfo [
	name: default
	...]
2019-02-21 14:11:15.307  INFO 9268 --- [main] org.hibernate.Version                    : HHH000412: Hibernate Core {5.3.7.Final}
2019-02-21 14:11:15.309  INFO 9268 --- [main] org.hibernate.cfg.Environment            : HHH000206: hibernate.properties not found
2019-02-21 14:11:15.403  INFO 9268 --- [main] o.hibernate.annotations.common.Version   : HCANN000001: Hibernate Commons Annotations {5.0.4.Final}
2019-02-21 14:11:15.492  INFO 9268 --- [main] org.hibernate.dialect.Dialect            : HHH000400: Using dialect: org.hibernate.dialect.H2Dialect
2019-02-21 14:11:15.899  INFO 9268 --- [main] o.h.t.schema.internal.SchemaCreatorImpl  : HHH000476: Executing import script 'org.hibernate.tool.schema.internal.exec.ScriptSourceInputNonExistentImpl@26d24d7a'
2019-02-21 14:11:15.901  INFO 9268 --- [main] j.LocalContainerEntityManagerFactoryBean : Initialized JPA EntityManagerFactory for persistence unit 'default'
2019-02-21 14:11:16.268  INFO 9268 --- [main] o.s.s.concurrent.ThreadPoolTaskExecutor  : Initializing ExecutorService 'applicationTaskExecutor'
2019-02-21 14:11:16.296  WARN 9268 --- [main] aWebConfiguration$JpaWebMvcConfiguration : spring.jpa.open-in-view is enabled by default. Therefore, database queries may be performed during view rendering. Explicitly configure spring.jpa.open-in-view to disable this warning
2019-02-21 14:11:16.473  INFO 9268 --- [main] .s.s.UserDetailsServiceAutoConfiguration : 

Using generated security password: 47a5a8a8-e702-4b62-9928-8c858b0238b0

2019-02-21 14:11:16.551  INFO 9268 --- [main] o.s.s.web.DefaultSecurityFilterChain     : Creating filter chain: any request, [org.springframework.security.web.context.request.async.WebAsyncManagerIntegrationFilter@234bfc8c, org.springframework.security.web.context.SecurityContextPersistenceFilter@314c28dc, org.springframework.security.web.header.HeaderWriterFilter@3b6c740b, org.springframework.security.web.csrf.CsrfFilter@49c4118b, org.springframework.security.web.authentication.logout.LogoutFilter@6b32b678, org.springframework.security.web.authentication.UsernamePasswordAuthenticationFilter@18d1d137, org.springframework.security.web.authentication.ui.DefaultLoginPageGeneratingFilter@47994b51, org.springframework.security.web.authentication.ui.DefaultLogoutPageGeneratingFilter@5008559a, org.springframework.security.web.authentication.www.BasicAuthenticationFilter@18bc1064, org.springframework.security.web.savedrequest.RequestCacheAwareFilter@2f498f21, org.springframework.security.web.servletapi.SecurityContextHolderAwareRequestFilter@2ffcdc9b, org.springframework.security.web.authentication.AnonymousAuthenticationFilter@4c0bfe9e, org.springframework.security.web.session.SessionManagementFilter@78f4d15d, org.springframework.security.web.access.ExceptionTranslationFilter@3909308c, org.springframework.security.web.access.intercept.FilterSecurityInterceptor@1e288c76]
2019-02-21 14:11:16.613  INFO 9268 --- [main] o.s.b.w.embedded.tomcat.TomcatWebServer  : Tomcat started on port(s): 8080 (http) with context path ''
2019-02-21 14:11:16.615  INFO 9268 --- [main] com.example.readinglist.DemoApplication  : Started DemoApplication in 3.291 seconds (JVM running for 3.919)
2019-02-21 14:11:47.766 ERROR 8692 --- [main] o.s.b.c.l.LoggingApplicationListener     : Cannot set level 'WRAN' for 'null'
2019-02-21 14:11:47.846  INFO 8692 --- [main] com.example.readinglist.DemoApplication  : Starting DemoApplication on THH8Y9L761U9Z4N with PID 8692 (C:\Users\Administrator\Desktop\readinglist\target\classes started by Administrator in C:\Users\Administrator\Desktop\readinglist)
2019-02-21 14:11:47.846  INFO 8692 --- [main] com.example.readinglist.DemoApplication  : The following profiles are active: test
2019-02-21 14:11:48.445  INFO 8692 --- [main] .s.d.r.c.RepositoryConfigurationDelegate : Bootstrapping Spring Data repositories in DEFAULT mode.
2019-02-21 14:11:48.491  INFO 8692 --- [main] .s.d.r.c.RepositoryConfigurationDelegate : Finished Spring Data repository scanning in 41ms. Found 2 repository interfaces.
2019-02-21 14:11:48.745  INFO 8692 --- [main] trationDelegate$BeanPostProcessorChecker : Bean 'org.springframework.transaction.annotation.ProxyTransactionManagementConfiguration' of type [org.springframework.transaction.annotation.ProxyTransactionManagementConfiguration$$EnhancerBySpringCGLIB$$7a420215] is not eligible for getting processed by all BeanPostProcessors (for example: not eligible for auto-proxying)
2019-02-21 14:11:48.998  INFO 8692 --- [main] o.s.b.w.embedded.tomcat.TomcatWebServer  : Tomcat initialized with port(s): 8080 (http)
2019-02-21 14:11:49.021  INFO 8692 --- [main] o.apache.catalina.core.StandardService   : Starting service [Tomcat]
2019-02-21 14:11:49.022  INFO 8692 --- [main] org.apache.catalina.core.StandardEngine  : Starting Servlet engine: [Apache Tomcat/9.0.16]
2019-02-21 14:11:49.028  INFO 8692 --- [main] o.a.catalina.core.AprLifecycleListener   : The APR based Apache Tomcat Native library which allows optimal performance in production environments was not found on the java.library.path: [C:\Program Files\Java\jdk-11.0.1\bin;C:\Windows\Sun\Java\bin;C:\Windows\system32;C:\Windows;C:\Windows\system32;C:\Windows;C:\Windows\System32\Wbem;C:\Windows\System32\WindowsPowerShell\v1.0\;D:\misaki\apache-maven-3.6.0\bin;E:\spring-1.3.0.BUILD-SNAPSHOT\bin;%JAVA_HOME%\bin;%JAVA_HOME%\jre\bin;C:\Program Files (x86)\Common Files\Oracle\Java\javapath;C:\Users\Administrator\AppData\Local\Microsoft\WindowsApps;D:\Microsoft VS Code\bin;C:\Users\Administrator\AppData\Local\atom\bin;.]
2019-02-21 14:11:49.133  INFO 8692 --- [main] o.a.c.c.C.[Tomcat].[localhost].[/]       : Initializing Spring embedded WebApplicationContext
2019-02-21 14:11:49.133  INFO 8692 --- [main] o.s.web.context.ContextLoader            : Root WebApplicationContext: initialization completed in 1249 ms
2019-02-21 14:11:49.244  INFO 8692 --- [main] com.zaxxer.hikari.HikariDataSource       : HikariPool-1 - Starting...
2019-02-21 14:11:49.305  INFO 8692 --- [main] com.zaxxer.hikari.HikariDataSource       : HikariPool-1 - Start completed.
2019-02-21 14:11:49.344  INFO 8692 --- [main] o.hibernate.jpa.internal.util.LogHelper  : HHH000204: Processing PersistenceUnitInfo [
	name: default
	...]
2019-02-21 14:11:49.384  INFO 8692 --- [main] org.hibernate.Version                    : HHH000412: Hibernate Core {5.3.7.Final}
2019-02-21 14:11:49.386  INFO 8692 --- [main] org.hibernate.cfg.Environment            : HHH000206: hibernate.properties not found
2019-02-21 14:11:49.480  INFO 8692 --- [main] o.hibernate.annotations.common.Version   : HCANN000001: Hibernate Commons Annotations {5.0.4.Final}
2019-02-21 14:11:49.567  INFO 8692 --- [main] org.hibernate.dialect.Dialect            : HHH000400: Using dialect: org.hibernate.dialect.H2Dialect
2019-02-21 14:11:49.959  INFO 8692 --- [main] o.h.t.schema.internal.SchemaCreatorImpl  : HHH000476: Executing import script 'org.hibernate.tool.schema.internal.exec.ScriptSourceInputNonExistentImpl@5ec6a1b6'
2019-02-21 14:11:49.961  INFO 8692 --- [main] j.LocalContainerEntityManagerFactoryBean : Initialized JPA EntityManagerFactory for persistence unit 'default'
2019-02-21 14:11:50.329  INFO 8692 --- [main] o.s.s.web.DefaultSecurityFilterChain     : Creating filter chain: any request, [org.springframework.security.web.context.request.async.WebAsyncManagerIntegrationFilter@1e1598e5, org.springframework.security.web.context.SecurityContextPersistenceFilter@4c9d833, org.springframework.security.web.header.HeaderWriterFilter@20518250, org.springframework.security.web.csrf.CsrfFilter@1abf951a, org.springframework.security.web.authentication.logout.LogoutFilter@5ae16aa, org.springframework.security.web.authentication.UsernamePasswordAuthenticationFilter@782dc5, org.springframework.security.web.savedrequest.RequestCacheAwareFilter@20f99c18, org.springframework.security.web.servletapi.SecurityContextHolderAwareRequestFilter@d02c00, org.springframework.security.web.authentication.AnonymousAuthenticationFilter@67a3394c, org.springframework.security.web.session.SessionManagementFilter@5ccc971e, org.springframework.security.web.access.ExceptionTranslationFilter@26b3fe8, org.springframework.security.web.access.intercept.FilterSecurityInterceptor@477bea57]
2019-02-21 14:11:50.440  INFO 8692 --- [main] o.s.s.concurrent.ThreadPoolTaskExecutor  : Initializing ExecutorService 'applicationTaskExecutor'
2019-02-21 14:11:50.472  WARN 8692 --- [main] aWebConfiguration$JpaWebMvcConfiguration : spring.jpa.open-in-view is enabled by default. Therefore, database queries may be performed during view rendering. Explicitly configure spring.jpa.open-in-view to disable this warning
2019-02-21 14:11:50.636  INFO 8692 --- [main] o.s.b.w.embedded.tomcat.TomcatWebServer  : Tomcat started on port(s): 8080 (http) with context path ''
2019-02-21 14:11:50.638  INFO 8692 --- [main] com.example.readinglist.DemoApplication  : Started DemoApplication in 3.149 seconds (JVM running for 3.762)
